CRITICAL - 2024-09-07 17:17:20 --> CodeIgniter\View\Exceptions\ViewException: Invalid file: "./public/assets/js/mobileMenuButton.js"
[Method: GET, Route: /]
in SYSTEMPATH\Exceptions\FrameworkException.php on line 41.
 1 SYSTEMPATH\View\View.php(222): CodeIgniter\Exceptions\FrameworkException::forInvalidFile('./public/assets/js/mobileMenuButton.js')
 2 SYSTEMPATH\View\View.php(487): CodeIgniter\View\View->render('./public/assets/js/mobileMenuButton.js', null, true)
 3 APPPATH\Views\HomeView.php(8): CodeIgniter\View\View->include('./public/assets/js/mobileMenuButton.js')
 4 SYSTEMPATH\View\View.php(234): include('C:\\Users\\Sam-Sam\\Documents\\Basic Coding\\waroengku\\app\\Views\\HomeView.php')
 5 SYSTEMPATH\View\View.php(237): CodeIgniter\View\View->CodeIgniter\View\{closure}()
 6 SYSTEMPATH\Common.php(1169): CodeIgniter\View\View->render('HomeView', [], true)
 7 APPPATH\Controllers\HomeControl.php(9): view('HomeView')
 8 SYSTEMPATH\CodeIgniter.php(933): App\Controllers\HomeControl->index()
 9 SYSTEMPATH\CodeIgniter.php(509): CodeIgniter\CodeIgniter->runController(Object(App\Controllers\HomeControl))
10 SYSTEMPATH\CodeIgniter.php(355): CodeIgniter\CodeIgniter->handleRequest(null, Object(Config\Cache), false)
11 SYSTEMPATH\Boot.php(325): CodeIgniter\CodeIgniter->run()
12 SYSTEMPATH\Boot.php(67): CodeIgniter\Boot::runCodeIgniter(Object(CodeIgniter\CodeIgniter))
13 FCPATH\index.php(56): CodeIgniter\Boot::bootWeb(Object(Config\Paths))
14 SYSTEMPATH\rewrite.php(44): require_once('C:\\Users\\Sam-Sam\\Documents\\Basic Coding\\waroengku\\public\\index.php')
CRITICAL - 2024-09-07 17:17:20 --> CodeIgniter\View\Exceptions\ViewException: Invalid file: "./public/assets/js/mobileMenuButton.js"
[Method: GET, Route: /]
in SYSTEMPATH\Exceptions\FrameworkException.php on line 41.
 1 SYSTEMPATH\View\View.php(222): CodeIgniter\Exceptions\FrameworkException::forInvalidFile('./public/assets/js/mobileMenuButton.js')
 2 SYSTEMPATH\View\View.php(487): CodeIgniter\View\View->render('./public/assets/js/mobileMenuButton.js', null, true)
 3 APPPATH\Views\HomeView.php(8): CodeIgniter\View\View->include('./public/assets/js/mobileMenuButton.js')
 4 SYSTEMPATH\View\View.php(234): include('C:\\Users\\Sam-Sam\\Documents\\Basic Coding\\waroengku\\app\\Views\\HomeView.php')
 5 SYSTEMPATH\View\View.php(237): CodeIgniter\View\View->CodeIgniter\View\{closure}()
 6 SYSTEMPATH\Common.php(1169): CodeIgniter\View\View->render('HomeView', [], true)
 7 APPPATH\Controllers\HomeControl.php(9): view('HomeView')
 8 SYSTEMPATH\CodeIgniter.php(933): App\Controllers\HomeControl->index()
 9 SYSTEMPATH\CodeIgniter.php(509): CodeIgniter\CodeIgniter->runController(Object(App\Controllers\HomeControl))
10 SYSTEMPATH\CodeIgniter.php(355): CodeIgniter\CodeIgniter->handleRequest(null, Object(Config\Cache), false)
11 SYSTEMPATH\Boot.php(325): CodeIgniter\CodeIgniter->run()
12 SYSTEMPATH\Boot.php(67): CodeIgniter\Boot::runCodeIgniter(Object(CodeIgniter\CodeIgniter))
13 FCPATH\index.php(56): CodeIgniter\Boot::bootWeb(Object(Config\Paths))
14 SYSTEMPATH\rewrite.php(44): require_once('C:\\Users\\Sam-Sam\\Documents\\Basic Coding\\waroengku\\public\\index.php')
CRITICAL - 2024-09-07 17:17:20 --> CodeIgniter\View\Exceptions\ViewException: Invalid file: "./public/assets/js/mobileMenuButton.js"
[Method: GET, Route: /]
in SYSTEMPATH\Exceptions\FrameworkException.php on line 41.
 1 SYSTEMPATH\View\View.php(222): CodeIgniter\Exceptions\FrameworkException::forInvalidFile('./public/assets/js/mobileMenuButton.js')
 2 SYSTEMPATH\View\View.php(487): CodeIgniter\View\View->render('./public/assets/js/mobileMenuButton.js', null, true)
 3 APPPATH\Views\HomeView.php(8): CodeIgniter\View\View->include('./public/assets/js/mobileMenuButton.js')
 4 SYSTEMPATH\View\View.php(234): include('C:\\Users\\Sam-Sam\\Documents\\Basic Coding\\waroengku\\app\\Views\\HomeView.php')
 5 SYSTEMPATH\View\View.php(237): CodeIgniter\View\View->CodeIgniter\View\{closure}()
 6 SYSTEMPATH\Common.php(1169): CodeIgniter\View\View->render('HomeView', [], true)
 7 APPPATH\Controllers\HomeControl.php(9): view('HomeView')
 8 SYSTEMPATH\CodeIgniter.php(933): App\Controllers\HomeControl->index()
 9 SYSTEMPATH\CodeIgniter.php(509): CodeIgniter\CodeIgniter->runController(Object(App\Controllers\HomeControl))
10 SYSTEMPATH\CodeIgniter.php(355): CodeIgniter\CodeIgniter->handleRequest(null, Object(Config\Cache), false)
11 SYSTEMPATH\Boot.php(325): CodeIgniter\CodeIgniter->run()
12 SYSTEMPATH\Boot.php(67): CodeIgniter\Boot::runCodeIgniter(Object(CodeIgniter\CodeIgniter))
13 FCPATH\index.php(56): CodeIgniter\Boot::bootWeb(Object(Config\Paths))
14 SYSTEMPATH\rewrite.php(44): require_once('C:\\Users\\Sam-Sam\\Documents\\Basic Coding\\waroengku\\public\\index.php')
CRITICAL - 2024-09-07 17:17:29 --> CodeIgniter\View\Exceptions\ViewException: Invalid file: "../public/assets/js/mobileMenuButton.js"
[Method: GET, Route: /]
in SYSTEMPATH\Exceptions\FrameworkException.php on line 41.
 1 SYSTEMPATH\View\View.php(222): CodeIgniter\Exceptions\FrameworkException::forInvalidFile('../public/assets/js/mobileMenuButton.js')
 2 SYSTEMPATH\View\View.php(487): CodeIgniter\View\View->render('../public/assets/js/mobileMenuButton.js', null, true)
 3 APPPATH\Views\HomeView.php(8): CodeIgniter\View\View->include('../public/assets/js/mobileMenuButton.js')
 4 SYSTEMPATH\View\View.php(234): include('C:\\Users\\Sam-Sam\\Documents\\Basic Coding\\waroengku\\app\\Views\\HomeView.php')
 5 SYSTEMPATH\View\View.php(237): CodeIgniter\View\View->CodeIgniter\View\{closure}()
 6 SYSTEMPATH\Common.php(1169): CodeIgniter\View\View->render('HomeView', [], true)
 7 APPPATH\Controllers\HomeControl.php(9): view('HomeView')
 8 SYSTEMPATH\CodeIgniter.php(933): App\Controllers\HomeControl->index()
 9 SYSTEMPATH\CodeIgniter.php(509): CodeIgniter\CodeIgniter->runController(Object(App\Controllers\HomeControl))
10 SYSTEMPATH\CodeIgniter.php(355): CodeIgniter\CodeIgniter->handleRequest(null, Object(Config\Cache), false)
11 SYSTEMPATH\Boot.php(325): CodeIgniter\CodeIgniter->run()
12 SYSTEMPATH\Boot.php(67): CodeIgniter\Boot::runCodeIgniter(Object(CodeIgniter\CodeIgniter))
13 FCPATH\index.php(56): CodeIgniter\Boot::bootWeb(Object(Config\Paths))
14 SYSTEMPATH\rewrite.php(44): require_once('C:\\Users\\Sam-Sam\\Documents\\Basic Coding\\waroengku\\public\\index.php')
CRITICAL - 2024-09-07 17:17:30 --> CodeIgniter\View\Exceptions\ViewException: Invalid file: "../public/assets/js/mobileMenuButton.js"
[Method: GET, Route: /]
in SYSTEMPATH\Exceptions\FrameworkException.php on line 41.
 1 SYSTEMPATH\View\View.php(222): CodeIgniter\Exceptions\FrameworkException::forInvalidFile('../public/assets/js/mobileMenuButton.js')
 2 SYSTEMPATH\View\View.php(487): CodeIgniter\View\View->render('../public/assets/js/mobileMenuButton.js', null, true)
 3 APPPATH\Views\HomeView.php(8): CodeIgniter\View\View->include('../public/assets/js/mobileMenuButton.js')
 4 SYSTEMPATH\View\View.php(234): include('C:\\Users\\Sam-Sam\\Documents\\Basic Coding\\waroengku\\app\\Views\\HomeView.php')
 5 SYSTEMPATH\View\View.php(237): CodeIgniter\View\View->CodeIgniter\View\{closure}()
 6 SYSTEMPATH\Common.php(1169): CodeIgniter\View\View->render('HomeView', [], true)
 7 APPPATH\Controllers\HomeControl.php(9): view('HomeView')
 8 SYSTEMPATH\CodeIgniter.php(933): App\Controllers\HomeControl->index()
 9 SYSTEMPATH\CodeIgniter.php(509): CodeIgniter\CodeIgniter->runController(Object(App\Controllers\HomeControl))
10 SYSTEMPATH\CodeIgniter.php(355): CodeIgniter\CodeIgniter->handleRequest(null, Object(Config\Cache), false)
11 SYSTEMPATH\Boot.php(325): CodeIgniter\CodeIgniter->run()
12 SYSTEMPATH\Boot.php(67): CodeIgniter\Boot::runCodeIgniter(Object(CodeIgniter\CodeIgniter))
13 FCPATH\index.php(56): CodeIgniter\Boot::bootWeb(Object(Config\Paths))
14 SYSTEMPATH\rewrite.php(44): require_once('C:\\Users\\Sam-Sam\\Documents\\Basic Coding\\waroengku\\public\\index.php')
CRITICAL - 2024-09-07 17:17:30 --> CodeIgniter\View\Exceptions\ViewException: Invalid file: "../public/assets/js/mobileMenuButton.js"
[Method: GET, Route: /]
in SYSTEMPATH\Exceptions\FrameworkException.php on line 41.
 1 SYSTEMPATH\View\View.php(222): CodeIgniter\Exceptions\FrameworkException::forInvalidFile('../public/assets/js/mobileMenuButton.js')
 2 SYSTEMPATH\View\View.php(487): CodeIgniter\View\View->render('../public/assets/js/mobileMenuButton.js', null, true)
 3 APPPATH\Views\HomeView.php(8): CodeIgniter\View\View->include('../public/assets/js/mobileMenuButton.js')
 4 SYSTEMPATH\View\View.php(234): include('C:\\Users\\Sam-Sam\\Documents\\Basic Coding\\waroengku\\app\\Views\\HomeView.php')
 5 SYSTEMPATH\View\View.php(237): CodeIgniter\View\View->CodeIgniter\View\{closure}()
 6 SYSTEMPATH\Common.php(1169): CodeIgniter\View\View->render('HomeView', [], true)
 7 APPPATH\Controllers\HomeControl.php(9): view('HomeView')
 8 SYSTEMPATH\CodeIgniter.php(933): App\Controllers\HomeControl->index()
 9 SYSTEMPATH\CodeIgniter.php(509): CodeIgniter\CodeIgniter->runController(Object(App\Controllers\HomeControl))
10 SYSTEMPATH\CodeIgniter.php(355): CodeIgniter\CodeIgniter->handleRequest(null, Object(Config\Cache), false)
11 SYSTEMPATH\Boot.php(325): CodeIgniter\CodeIgniter->run()
12 SYSTEMPATH\Boot.php(67): CodeIgniter\Boot::runCodeIgniter(Object(CodeIgniter\CodeIgniter))
13 FCPATH\index.php(56): CodeIgniter\Boot::bootWeb(Object(Config\Paths))
14 SYSTEMPATH\rewrite.php(44): require_once('C:\\Users\\Sam-Sam\\Documents\\Basic Coding\\waroengku\\public\\index.php')
CRITICAL - 2024-09-07 17:17:30 --> CodeIgniter\View\Exceptions\ViewException: Invalid file: "../public/assets/js/mobileMenuButton.js"
[Method: GET, Route: /]
in SYSTEMPATH\Exceptions\FrameworkException.php on line 41.
 1 SYSTEMPATH\View\View.php(222): CodeIgniter\Exceptions\FrameworkException::forInvalidFile('../public/assets/js/mobileMenuButton.js')
 2 SYSTEMPATH\View\View.php(487): CodeIgniter\View\View->render('../public/assets/js/mobileMenuButton.js', null, true)
 3 APPPATH\Views\HomeView.php(8): CodeIgniter\View\View->include('../public/assets/js/mobileMenuButton.js')
 4 SYSTEMPATH\View\View.php(234): include('C:\\Users\\Sam-Sam\\Documents\\Basic Coding\\waroengku\\app\\Views\\HomeView.php')
 5 SYSTEMPATH\View\View.php(237): CodeIgniter\View\View->CodeIgniter\View\{closure}()
 6 SYSTEMPATH\Common.php(1169): CodeIgniter\View\View->render('HomeView', [], true)
 7 APPPATH\Controllers\HomeControl.php(9): view('HomeView')
 8 SYSTEMPATH\CodeIgniter.php(933): App\Controllers\HomeControl->index()
 9 SYSTEMPATH\CodeIgniter.php(509): CodeIgniter\CodeIgniter->runController(Object(App\Controllers\HomeControl))
10 SYSTEMPATH\CodeIgniter.php(355): CodeIgniter\CodeIgniter->handleRequest(null, Object(Config\Cache), false)
11 SYSTEMPATH\Boot.php(325): CodeIgniter\CodeIgniter->run()
12 SYSTEMPATH\Boot.php(67): CodeIgniter\Boot::runCodeIgniter(Object(CodeIgniter\CodeIgniter))
13 FCPATH\index.php(56): CodeIgniter\Boot::bootWeb(Object(Config\Paths))
14 SYSTEMPATH\rewrite.php(44): require_once('C:\\Users\\Sam-Sam\\Documents\\Basic Coding\\waroengku\\public\\index.php')
CRITICAL - 2024-09-07 17:17:35 --> CodeIgniter\View\Exceptions\ViewException: Invalid file: "../assets/js/mobileMenuButton.js"
[Method: GET, Route: /]
in SYSTEMPATH\Exceptions\FrameworkException.php on line 41.
 1 SYSTEMPATH\View\View.php(222): CodeIgniter\Exceptions\FrameworkException::forInvalidFile('../assets/js/mobileMenuButton.js')
 2 SYSTEMPATH\View\View.php(487): CodeIgniter\View\View->render('../assets/js/mobileMenuButton.js', null, true)
 3 APPPATH\Views\HomeView.php(8): CodeIgniter\View\View->include('../assets/js/mobileMenuButton.js')
 4 SYSTEMPATH\View\View.php(234): include('C:\\Users\\Sam-Sam\\Documents\\Basic Coding\\waroengku\\app\\Views\\HomeView.php')
 5 SYSTEMPATH\View\View.php(237): CodeIgniter\View\View->CodeIgniter\View\{closure}()
 6 SYSTEMPATH\Common.php(1169): CodeIgniter\View\View->render('HomeView', [], true)
 7 APPPATH\Controllers\HomeControl.php(9): view('HomeView')
 8 SYSTEMPATH\CodeIgniter.php(933): App\Controllers\HomeControl->index()
 9 SYSTEMPATH\CodeIgniter.php(509): CodeIgniter\CodeIgniter->runController(Object(App\Controllers\HomeControl))
10 SYSTEMPATH\CodeIgniter.php(355): CodeIgniter\CodeIgniter->handleRequest(null, Object(Config\Cache), false)
11 SYSTEMPATH\Boot.php(325): CodeIgniter\CodeIgniter->run()
12 SYSTEMPATH\Boot.php(67): CodeIgniter\Boot::runCodeIgniter(Object(CodeIgniter\CodeIgniter))
13 FCPATH\index.php(56): CodeIgniter\Boot::bootWeb(Object(Config\Paths))
14 SYSTEMPATH\rewrite.php(44): require_once('C:\\Users\\Sam-Sam\\Documents\\Basic Coding\\waroengku\\public\\index.php')
CRITICAL - 2024-09-07 17:17:35 --> CodeIgniter\View\Exceptions\ViewException: Invalid file: "../assets/js/mobileMenuButton.js"
[Method: GET, Route: /]
in SYSTEMPATH\Exceptions\FrameworkException.php on line 41.
 1 SYSTEMPATH\View\View.php(222): CodeIgniter\Exceptions\FrameworkException::forInvalidFile('../assets/js/mobileMenuButton.js')
 2 SYSTEMPATH\View\View.php(487): CodeIgniter\View\View->render('../assets/js/mobileMenuButton.js', null, true)
 3 APPPATH\Views\HomeView.php(8): CodeIgniter\View\View->include('../assets/js/mobileMenuButton.js')
 4 SYSTEMPATH\View\View.php(234): include('C:\\Users\\Sam-Sam\\Documents\\Basic Coding\\waroengku\\app\\Views\\HomeView.php')
 5 SYSTEMPATH\View\View.php(237): CodeIgniter\View\View->CodeIgniter\View\{closure}()
 6 SYSTEMPATH\Common.php(1169): CodeIgniter\View\View->render('HomeView', [], true)
 7 APPPATH\Controllers\HomeControl.php(9): view('HomeView')
 8 SYSTEMPATH\CodeIgniter.php(933): App\Controllers\HomeControl->index()
 9 SYSTEMPATH\CodeIgniter.php(509): CodeIgniter\CodeIgniter->runController(Object(App\Controllers\HomeControl))
10 SYSTEMPATH\CodeIgniter.php(355): CodeIgniter\CodeIgniter->handleRequest(null, Object(Config\Cache), false)
11 SYSTEMPATH\Boot.php(325): CodeIgniter\CodeIgniter->run()
12 SYSTEMPATH\Boot.php(67): CodeIgniter\Boot::runCodeIgniter(Object(CodeIgniter\CodeIgniter))
13 FCPATH\index.php(56): CodeIgniter\Boot::bootWeb(Object(Config\Paths))
14 SYSTEMPATH\rewrite.php(44): require_once('C:\\Users\\Sam-Sam\\Documents\\Basic Coding\\waroengku\\public\\index.php')
CRITICAL - 2024-09-07 17:17:35 --> CodeIgniter\View\Exceptions\ViewException: Invalid file: "../assets/js/mobileMenuButton.js"
[Method: GET, Route: /]
in SYSTEMPATH\Exceptions\FrameworkException.php on line 41.
 1 SYSTEMPATH\View\View.php(222): CodeIgniter\Exceptions\FrameworkException::forInvalidFile('../assets/js/mobileMenuButton.js')
 2 SYSTEMPATH\View\View.php(487): CodeIgniter\View\View->render('../assets/js/mobileMenuButton.js', null, true)
 3 APPPATH\Views\HomeView.php(8): CodeIgniter\View\View->include('../assets/js/mobileMenuButton.js')
 4 SYSTEMPATH\View\View.php(234): include('C:\\Users\\Sam-Sam\\Documents\\Basic Coding\\waroengku\\app\\Views\\HomeView.php')
 5 SYSTEMPATH\View\View.php(237): CodeIgniter\View\View->CodeIgniter\View\{closure}()
 6 SYSTEMPATH\Common.php(1169): CodeIgniter\View\View->render('HomeView', [], true)
 7 APPPATH\Controllers\HomeControl.php(9): view('HomeView')
 8 SYSTEMPATH\CodeIgniter.php(933): App\Controllers\HomeControl->index()
 9 SYSTEMPATH\CodeIgniter.php(509): CodeIgniter\CodeIgniter->runController(Object(App\Controllers\HomeControl))
10 SYSTEMPATH\CodeIgniter.php(355): CodeIgniter\CodeIgniter->handleRequest(null, Object(Config\Cache), false)
11 SYSTEMPATH\Boot.php(325): CodeIgniter\CodeIgniter->run()
12 SYSTEMPATH\Boot.php(67): CodeIgniter\Boot::runCodeIgniter(Object(CodeIgniter\CodeIgniter))
13 FCPATH\index.php(56): CodeIgniter\Boot::bootWeb(Object(Config\Paths))
14 SYSTEMPATH\rewrite.php(44): require_once('C:\\Users\\Sam-Sam\\Documents\\Basic Coding\\waroengku\\public\\index.php')
CRITICAL - 2024-09-07 17:17:36 --> CodeIgniter\View\Exceptions\ViewException: Invalid file: "../assets/js/mobileMenuButton.js"
[Method: GET, Route: /]
in SYSTEMPATH\Exceptions\FrameworkException.php on line 41.
 1 SYSTEMPATH\View\View.php(222): CodeIgniter\Exceptions\FrameworkException::forInvalidFile('../assets/js/mobileMenuButton.js')
 2 SYSTEMPATH\View\View.php(487): CodeIgniter\View\View->render('../assets/js/mobileMenuButton.js', null, true)
 3 APPPATH\Views\HomeView.php(8): CodeIgniter\View\View->include('../assets/js/mobileMenuButton.js')
 4 SYSTEMPATH\View\View.php(234): include('C:\\Users\\Sam-Sam\\Documents\\Basic Coding\\waroengku\\app\\Views\\HomeView.php')
 5 SYSTEMPATH\View\View.php(237): CodeIgniter\View\View->CodeIgniter\View\{closure}()
 6 SYSTEMPATH\Common.php(1169): CodeIgniter\View\View->render('HomeView', [], true)
 7 APPPATH\Controllers\HomeControl.php(9): view('HomeView')
 8 SYSTEMPATH\CodeIgniter.php(933): App\Controllers\HomeControl->index()
 9 SYSTEMPATH\CodeIgniter.php(509): CodeIgniter\CodeIgniter->runController(Object(App\Controllers\HomeControl))
10 SYSTEMPATH\CodeIgniter.php(355): CodeIgniter\CodeIgniter->handleRequest(null, Object(Config\Cache), false)
11 SYSTEMPATH\Boot.php(325): CodeIgniter\CodeIgniter->run()
12 SYSTEMPATH\Boot.php(67): CodeIgniter\Boot::runCodeIgniter(Object(CodeIgniter\CodeIgniter))
13 FCPATH\index.php(56): CodeIgniter\Boot::bootWeb(Object(Config\Paths))
14 SYSTEMPATH\rewrite.php(44): require_once('C:\\Users\\Sam-Sam\\Documents\\Basic Coding\\waroengku\\public\\index.php')
CRITICAL - 2024-09-07 17:17:38 --> CodeIgniter\View\Exceptions\ViewException: Invalid file: "./assets/js/mobileMenuButton.js"
[Method: GET, Route: /]
in SYSTEMPATH\Exceptions\FrameworkException.php on line 41.
 1 SYSTEMPATH\View\View.php(222): CodeIgniter\Exceptions\FrameworkException::forInvalidFile('./assets/js/mobileMenuButton.js')
 2 SYSTEMPATH\View\View.php(487): CodeIgniter\View\View->render('./assets/js/mobileMenuButton.js', null, true)
 3 APPPATH\Views\HomeView.php(8): CodeIgniter\View\View->include('./assets/js/mobileMenuButton.js')
 4 SYSTEMPATH\View\View.php(234): include('C:\\Users\\Sam-Sam\\Documents\\Basic Coding\\waroengku\\app\\Views\\HomeView.php')
 5 SYSTEMPATH\View\View.php(237): CodeIgniter\View\View->CodeIgniter\View\{closure}()
 6 SYSTEMPATH\Common.php(1169): CodeIgniter\View\View->render('HomeView', [], true)
 7 APPPATH\Controllers\HomeControl.php(9): view('HomeView')
 8 SYSTEMPATH\CodeIgniter.php(933): App\Controllers\HomeControl->index()
 9 SYSTEMPATH\CodeIgniter.php(509): CodeIgniter\CodeIgniter->runController(Object(App\Controllers\HomeControl))
10 SYSTEMPATH\CodeIgniter.php(355): CodeIgniter\CodeIgniter->handleRequest(null, Object(Config\Cache), false)
11 SYSTEMPATH\Boot.php(325): CodeIgniter\CodeIgniter->run()
12 SYSTEMPATH\Boot.php(67): CodeIgniter\Boot::runCodeIgniter(Object(CodeIgniter\CodeIgniter))
13 FCPATH\index.php(56): CodeIgniter\Boot::bootWeb(Object(Config\Paths))
14 SYSTEMPATH\rewrite.php(44): require_once('C:\\Users\\Sam-Sam\\Documents\\Basic Coding\\waroengku\\public\\index.php')
CRITICAL - 2024-09-07 17:17:38 --> CodeIgniter\View\Exceptions\ViewException: Invalid file: "./assets/js/mobileMenuButton.js"
[Method: GET, Route: /]
in SYSTEMPATH\Exceptions\FrameworkException.php on line 41.
 1 SYSTEMPATH\View\View.php(222): CodeIgniter\Exceptions\FrameworkException::forInvalidFile('./assets/js/mobileMenuButton.js')
 2 SYSTEMPATH\View\View.php(487): CodeIgniter\View\View->render('./assets/js/mobileMenuButton.js', null, true)
 3 APPPATH\Views\HomeView.php(8): CodeIgniter\View\View->include('./assets/js/mobileMenuButton.js')
 4 SYSTEMPATH\View\View.php(234): include('C:\\Users\\Sam-Sam\\Documents\\Basic Coding\\waroengku\\app\\Views\\HomeView.php')
 5 SYSTEMPATH\View\View.php(237): CodeIgniter\View\View->CodeIgniter\View\{closure}()
 6 SYSTEMPATH\Common.php(1169): CodeIgniter\View\View->render('HomeView', [], true)
 7 APPPATH\Controllers\HomeControl.php(9): view('HomeView')
 8 SYSTEMPATH\CodeIgniter.php(933): App\Controllers\HomeControl->index()
 9 SYSTEMPATH\CodeIgniter.php(509): CodeIgniter\CodeIgniter->runController(Object(App\Controllers\HomeControl))
10 SYSTEMPATH\CodeIgniter.php(355): CodeIgniter\CodeIgniter->handleRequest(null, Object(Config\Cache), false)
11 SYSTEMPATH\Boot.php(325): CodeIgniter\CodeIgniter->run()
12 SYSTEMPATH\Boot.php(67): CodeIgniter\Boot::runCodeIgniter(Object(CodeIgniter\CodeIgniter))
13 FCPATH\index.php(56): CodeIgniter\Boot::bootWeb(Object(Config\Paths))
14 SYSTEMPATH\rewrite.php(44): require_once('C:\\Users\\Sam-Sam\\Documents\\Basic Coding\\waroengku\\public\\index.php')
CRITICAL - 2024-09-07 17:17:38 --> CodeIgniter\View\Exceptions\ViewException: Invalid file: "./assets/js/mobileMenuButton.js"
[Method: GET, Route: /]
in SYSTEMPATH\Exceptions\FrameworkException.php on line 41.
 1 SYSTEMPATH\View\View.php(222): CodeIgniter\Exceptions\FrameworkException::forInvalidFile('./assets/js/mobileMenuButton.js')
 2 SYSTEMPATH\View\View.php(487): CodeIgniter\View\View->render('./assets/js/mobileMenuButton.js', null, true)
 3 APPPATH\Views\HomeView.php(8): CodeIgniter\View\View->include('./assets/js/mobileMenuButton.js')
 4 SYSTEMPATH\View\View.php(234): include('C:\\Users\\Sam-Sam\\Documents\\Basic Coding\\waroengku\\app\\Views\\HomeView.php')
 5 SYSTEMPATH\View\View.php(237): CodeIgniter\View\View->CodeIgniter\View\{closure}()
 6 SYSTEMPATH\Common.php(1169): CodeIgniter\View\View->render('HomeView', [], true)
 7 APPPATH\Controllers\HomeControl.php(9): view('HomeView')
 8 SYSTEMPATH\CodeIgniter.php(933): App\Controllers\HomeControl->index()
 9 SYSTEMPATH\CodeIgniter.php(509): CodeIgniter\CodeIgniter->runController(Object(App\Controllers\HomeControl))
10 SYSTEMPATH\CodeIgniter.php(355): CodeIgniter\CodeIgniter->handleRequest(null, Object(Config\Cache), false)
11 SYSTEMPATH\Boot.php(325): CodeIgniter\CodeIgniter->run()
12 SYSTEMPATH\Boot.php(67): CodeIgniter\Boot::runCodeIgniter(Object(CodeIgniter\CodeIgniter))
13 FCPATH\index.php(56): CodeIgniter\Boot::bootWeb(Object(Config\Paths))
14 SYSTEMPATH\rewrite.php(44): require_once('C:\\Users\\Sam-Sam\\Documents\\Basic Coding\\waroengku\\public\\index.php')
CRITICAL - 2024-09-07 17:17:39 --> CodeIgniter\View\Exceptions\ViewException: Invalid file: "./assets/js/mobileMenuButton.js"
[Method: GET, Route: /]
in SYSTEMPATH\Exceptions\FrameworkException.php on line 41.
 1 SYSTEMPATH\View\View.php(222): CodeIgniter\Exceptions\FrameworkException::forInvalidFile('./assets/js/mobileMenuButton.js')
 2 SYSTEMPATH\View\View.php(487): CodeIgniter\View\View->render('./assets/js/mobileMenuButton.js', null, true)
 3 APPPATH\Views\HomeView.php(8): CodeIgniter\View\View->include('./assets/js/mobileMenuButton.js')
 4 SYSTEMPATH\View\View.php(234): include('C:\\Users\\Sam-Sam\\Documents\\Basic Coding\\waroengku\\app\\Views\\HomeView.php')
 5 SYSTEMPATH\View\View.php(237): CodeIgniter\View\View->CodeIgniter\View\{closure}()
 6 SYSTEMPATH\Common.php(1169): CodeIgniter\View\View->render('HomeView', [], true)
 7 APPPATH\Controllers\HomeControl.php(9): view('HomeView')
 8 SYSTEMPATH\CodeIgniter.php(933): App\Controllers\HomeControl->index()
 9 SYSTEMPATH\CodeIgniter.php(509): CodeIgniter\CodeIgniter->runController(Object(App\Controllers\HomeControl))
10 SYSTEMPATH\CodeIgniter.php(355): CodeIgniter\CodeIgniter->handleRequest(null, Object(Config\Cache), false)
11 SYSTEMPATH\Boot.php(325): CodeIgniter\CodeIgniter->run()
12 SYSTEMPATH\Boot.php(67): CodeIgniter\Boot::runCodeIgniter(Object(CodeIgniter\CodeIgniter))
13 FCPATH\index.php(56): CodeIgniter\Boot::bootWeb(Object(Config\Paths))
14 SYSTEMPATH\rewrite.php(44): require_once('C:\\Users\\Sam-Sam\\Documents\\Basic Coding\\waroengku\\public\\index.php')
CRITICAL - 2024-09-07 17:17:52 --> CodeIgniter\View\Exceptions\ViewException: Invalid file: "../js/mobileMenuButton.js"
[Method: GET, Route: /]
in SYSTEMPATH\Exceptions\FrameworkException.php on line 41.
 1 SYSTEMPATH\View\View.php(222): CodeIgniter\Exceptions\FrameworkException::forInvalidFile('../js/mobileMenuButton.js')
 2 SYSTEMPATH\View\View.php(487): CodeIgniter\View\View->render('../js/mobileMenuButton.js', null, true)
 3 APPPATH\Views\HomeView.php(8): CodeIgniter\View\View->include('../js/mobileMenuButton.js')
 4 SYSTEMPATH\View\View.php(234): include('C:\\Users\\Sam-Sam\\Documents\\Basic Coding\\waroengku\\app\\Views\\HomeView.php')
 5 SYSTEMPATH\View\View.php(237): CodeIgniter\View\View->CodeIgniter\View\{closure}()
 6 SYSTEMPATH\Common.php(1169): CodeIgniter\View\View->render('HomeView', [], true)
 7 APPPATH\Controllers\HomeControl.php(9): view('HomeView')
 8 SYSTEMPATH\CodeIgniter.php(933): App\Controllers\HomeControl->index()
 9 SYSTEMPATH\CodeIgniter.php(509): CodeIgniter\CodeIgniter->runController(Object(App\Controllers\HomeControl))
10 SYSTEMPATH\CodeIgniter.php(355): CodeIgniter\CodeIgniter->handleRequest(null, Object(Config\Cache), false)
11 SYSTEMPATH\Boot.php(325): CodeIgniter\CodeIgniter->run()
12 SYSTEMPATH\Boot.php(67): CodeIgniter\Boot::runCodeIgniter(Object(CodeIgniter\CodeIgniter))
13 FCPATH\index.php(56): CodeIgniter\Boot::bootWeb(Object(Config\Paths))
14 SYSTEMPATH\rewrite.php(44): require_once('C:\\Users\\Sam-Sam\\Documents\\Basic Coding\\waroengku\\public\\index.php')
CRITICAL - 2024-09-07 17:17:52 --> CodeIgniter\View\Exceptions\ViewException: Invalid file: "../js/mobileMenuButton.js"
[Method: GET, Route: /]
in SYSTEMPATH\Exceptions\FrameworkException.php on line 41.
 1 SYSTEMPATH\View\View.php(222): CodeIgniter\Exceptions\FrameworkException::forInvalidFile('../js/mobileMenuButton.js')
 2 SYSTEMPATH\View\View.php(487): CodeIgniter\View\View->render('../js/mobileMenuButton.js', null, true)
 3 APPPATH\Views\HomeView.php(8): CodeIgniter\View\View->include('../js/mobileMenuButton.js')
 4 SYSTEMPATH\View\View.php(234): include('C:\\Users\\Sam-Sam\\Documents\\Basic Coding\\waroengku\\app\\Views\\HomeView.php')
 5 SYSTEMPATH\View\View.php(237): CodeIgniter\View\View->CodeIgniter\View\{closure}()
 6 SYSTEMPATH\Common.php(1169): CodeIgniter\View\View->render('HomeView', [], true)
 7 APPPATH\Controllers\HomeControl.php(9): view('HomeView')
 8 SYSTEMPATH\CodeIgniter.php(933): App\Controllers\HomeControl->index()
 9 SYSTEMPATH\CodeIgniter.php(509): CodeIgniter\CodeIgniter->runController(Object(App\Controllers\HomeControl))
10 SYSTEMPATH\CodeIgniter.php(355): CodeIgniter\CodeIgniter->handleRequest(null, Object(Config\Cache), false)
11 SYSTEMPATH\Boot.php(325): CodeIgniter\CodeIgniter->run()
12 SYSTEMPATH\Boot.php(67): CodeIgniter\Boot::runCodeIgniter(Object(CodeIgniter\CodeIgniter))
13 FCPATH\index.php(56): CodeIgniter\Boot::bootWeb(Object(Config\Paths))
14 SYSTEMPATH\rewrite.php(44): require_once('C:\\Users\\Sam-Sam\\Documents\\Basic Coding\\waroengku\\public\\index.php')
CRITICAL - 2024-09-07 17:17:52 --> CodeIgniter\View\Exceptions\ViewException: Invalid file: "../js/mobileMenuButton.js"
[Method: GET, Route: /]
in SYSTEMPATH\Exceptions\FrameworkException.php on line 41.
 1 SYSTEMPATH\View\View.php(222): CodeIgniter\Exceptions\FrameworkException::forInvalidFile('../js/mobileMenuButton.js')
 2 SYSTEMPATH\View\View.php(487): CodeIgniter\View\View->render('../js/mobileMenuButton.js', null, true)
 3 APPPATH\Views\HomeView.php(8): CodeIgniter\View\View->include('../js/mobileMenuButton.js')
 4 SYSTEMPATH\View\View.php(234): include('C:\\Users\\Sam-Sam\\Documents\\Basic Coding\\waroengku\\app\\Views\\HomeView.php')
 5 SYSTEMPATH\View\View.php(237): CodeIgniter\View\View->CodeIgniter\View\{closure}()
 6 SYSTEMPATH\Common.php(1169): CodeIgniter\View\View->render('HomeView', [], true)
 7 APPPATH\Controllers\HomeControl.php(9): view('HomeView')
 8 SYSTEMPATH\CodeIgniter.php(933): App\Controllers\HomeControl->index()
 9 SYSTEMPATH\CodeIgniter.php(509): CodeIgniter\CodeIgniter->runController(Object(App\Controllers\HomeControl))
10 SYSTEMPATH\CodeIgniter.php(355): CodeIgniter\CodeIgniter->handleRequest(null, Object(Config\Cache), false)
11 SYSTEMPATH\Boot.php(325): CodeIgniter\CodeIgniter->run()
12 SYSTEMPATH\Boot.php(67): CodeIgniter\Boot::runCodeIgniter(Object(CodeIgniter\CodeIgniter))
13 FCPATH\index.php(56): CodeIgniter\Boot::bootWeb(Object(Config\Paths))
14 SYSTEMPATH\rewrite.php(44): require_once('C:\\Users\\Sam-Sam\\Documents\\Basic Coding\\waroengku\\public\\index.php')
CRITICAL - 2024-09-07 17:17:53 --> CodeIgniter\View\Exceptions\ViewException: Invalid file: "../js/mobileMenuButton.js"
[Method: GET, Route: /]
in SYSTEMPATH\Exceptions\FrameworkException.php on line 41.
 1 SYSTEMPATH\View\View.php(222): CodeIgniter\Exceptions\FrameworkException::forInvalidFile('../js/mobileMenuButton.js')
 2 SYSTEMPATH\View\View.php(487): CodeIgniter\View\View->render('../js/mobileMenuButton.js', null, true)
 3 APPPATH\Views\HomeView.php(8): CodeIgniter\View\View->include('../js/mobileMenuButton.js')
 4 SYSTEMPATH\View\View.php(234): include('C:\\Users\\Sam-Sam\\Documents\\Basic Coding\\waroengku\\app\\Views\\HomeView.php')
 5 SYSTEMPATH\View\View.php(237): CodeIgniter\View\View->CodeIgniter\View\{closure}()
 6 SYSTEMPATH\Common.php(1169): CodeIgniter\View\View->render('HomeView', [], true)
 7 APPPATH\Controllers\HomeControl.php(9): view('HomeView')
 8 SYSTEMPATH\CodeIgniter.php(933): App\Controllers\HomeControl->index()
 9 SYSTEMPATH\CodeIgniter.php(509): CodeIgniter\CodeIgniter->runController(Object(App\Controllers\HomeControl))
10 SYSTEMPATH\CodeIgniter.php(355): CodeIgniter\CodeIgniter->handleRequest(null, Object(Config\Cache), false)
11 SYSTEMPATH\Boot.php(325): CodeIgniter\CodeIgniter->run()
12 SYSTEMPATH\Boot.php(67): CodeIgniter\Boot::runCodeIgniter(Object(CodeIgniter\CodeIgniter))
13 FCPATH\index.php(56): CodeIgniter\Boot::bootWeb(Object(Config\Paths))
14 SYSTEMPATH\rewrite.php(44): require_once('C:\\Users\\Sam-Sam\\Documents\\Basic Coding\\waroengku\\public\\index.php')
CRITICAL - 2024-09-07 17:17:56 --> CodeIgniter\View\Exceptions\ViewException: Invalid file: "../js/mobileMenuButton.js"
[Method: GET, Route: /]
in SYSTEMPATH\Exceptions\FrameworkException.php on line 41.
 1 SYSTEMPATH\View\View.php(222): CodeIgniter\Exceptions\FrameworkException::forInvalidFile('../js/mobileMenuButton.js')
 2 SYSTEMPATH\View\View.php(487): CodeIgniter\View\View->render('../js/mobileMenuButton.js', null, true)
 3 APPPATH\Views\HomeView.php(8): CodeIgniter\View\View->include('../js/mobileMenuButton.js')
 4 SYSTEMPATH\View\View.php(234): include('C:\\Users\\Sam-Sam\\Documents\\Basic Coding\\waroengku\\app\\Views\\HomeView.php')
 5 SYSTEMPATH\View\View.php(237): CodeIgniter\View\View->CodeIgniter\View\{closure}()
 6 SYSTEMPATH\Common.php(1169): CodeIgniter\View\View->render('HomeView', [], true)
 7 APPPATH\Controllers\HomeControl.php(9): view('HomeView')
 8 SYSTEMPATH\CodeIgniter.php(933): App\Controllers\HomeControl->index()
 9 SYSTEMPATH\CodeIgniter.php(509): CodeIgniter\CodeIgniter->runController(Object(App\Controllers\HomeControl))
10 SYSTEMPATH\CodeIgniter.php(355): CodeIgniter\CodeIgniter->handleRequest(null, Object(Config\Cache), false)
11 SYSTEMPATH\Boot.php(325): CodeIgniter\CodeIgniter->run()
12 SYSTEMPATH\Boot.php(67): CodeIgniter\Boot::runCodeIgniter(Object(CodeIgniter\CodeIgniter))
13 FCPATH\index.php(56): CodeIgniter\Boot::bootWeb(Object(Config\Paths))
14 SYSTEMPATH\rewrite.php(44): require_once('C:\\Users\\Sam-Sam\\Documents\\Basic Coding\\waroengku\\public\\index.php')
CRITICAL - 2024-09-07 17:17:56 --> CodeIgniter\View\Exceptions\ViewException: Invalid file: "../js/mobileMenuButton.js"
[Method: GET, Route: /]
in SYSTEMPATH\Exceptions\FrameworkException.php on line 41.
 1 SYSTEMPATH\View\View.php(222): CodeIgniter\Exceptions\FrameworkException::forInvalidFile('../js/mobileMenuButton.js')
 2 SYSTEMPATH\View\View.php(487): CodeIgniter\View\View->render('../js/mobileMenuButton.js', null, true)
 3 APPPATH\Views\HomeView.php(8): CodeIgniter\View\View->include('../js/mobileMenuButton.js')
 4 SYSTEMPATH\View\View.php(234): include('C:\\Users\\Sam-Sam\\Documents\\Basic Coding\\waroengku\\app\\Views\\HomeView.php')
 5 SYSTEMPATH\View\View.php(237): CodeIgniter\View\View->CodeIgniter\View\{closure}()
 6 SYSTEMPATH\Common.php(1169): CodeIgniter\View\View->render('HomeView', [], true)
 7 APPPATH\Controllers\HomeControl.php(9): view('HomeView')
 8 SYSTEMPATH\CodeIgniter.php(933): App\Controllers\HomeControl->index()
 9 SYSTEMPATH\CodeIgniter.php(509): CodeIgniter\CodeIgniter->runController(Object(App\Controllers\HomeControl))
10 SYSTEMPATH\CodeIgniter.php(355): CodeIgniter\CodeIgniter->handleRequest(null, Object(Config\Cache), false)
11 SYSTEMPATH\Boot.php(325): CodeIgniter\CodeIgniter->run()
12 SYSTEMPATH\Boot.php(67): CodeIgniter\Boot::runCodeIgniter(Object(CodeIgniter\CodeIgniter))
13 FCPATH\index.php(56): CodeIgniter\Boot::bootWeb(Object(Config\Paths))
14 SYSTEMPATH\rewrite.php(44): require_once('C:\\Users\\Sam-Sam\\Documents\\Basic Coding\\waroengku\\public\\index.php')
CRITICAL - 2024-09-07 17:17:57 --> CodeIgniter\View\Exceptions\ViewException: Invalid file: "../js/mobileMenuButton.js"
[Method: GET, Route: /]
in SYSTEMPATH\Exceptions\FrameworkException.php on line 41.
 1 SYSTEMPATH\View\View.php(222): CodeIgniter\Exceptions\FrameworkException::forInvalidFile('../js/mobileMenuButton.js')
 2 SYSTEMPATH\View\View.php(487): CodeIgniter\View\View->render('../js/mobileMenuButton.js', null, true)
 3 APPPATH\Views\HomeView.php(8): CodeIgniter\View\View->include('../js/mobileMenuButton.js')
 4 SYSTEMPATH\View\View.php(234): include('C:\\Users\\Sam-Sam\\Documents\\Basic Coding\\waroengku\\app\\Views\\HomeView.php')
 5 SYSTEMPATH\View\View.php(237): CodeIgniter\View\View->CodeIgniter\View\{closure}()
 6 SYSTEMPATH\Common.php(1169): CodeIgniter\View\View->render('HomeView', [], true)
 7 APPPATH\Controllers\HomeControl.php(9): view('HomeView')
 8 SYSTEMPATH\CodeIgniter.php(933): App\Controllers\HomeControl->index()
 9 SYSTEMPATH\CodeIgniter.php(509): CodeIgniter\CodeIgniter->runController(Object(App\Controllers\HomeControl))
10 SYSTEMPATH\CodeIgniter.php(355): CodeIgniter\CodeIgniter->handleRequest(null, Object(Config\Cache), false)
11 SYSTEMPATH\Boot.php(325): CodeIgniter\CodeIgniter->run()
12 SYSTEMPATH\Boot.php(67): CodeIgniter\Boot::runCodeIgniter(Object(CodeIgniter\CodeIgniter))
13 FCPATH\index.php(56): CodeIgniter\Boot::bootWeb(Object(Config\Paths))
14 SYSTEMPATH\rewrite.php(44): require_once('C:\\Users\\Sam-Sam\\Documents\\Basic Coding\\waroengku\\public\\index.php')
CRITICAL - 2024-09-07 17:17:57 --> CodeIgniter\View\Exceptions\ViewException: Invalid file: "../js/mobileMenuButton.js"
[Method: GET, Route: /]
in SYSTEMPATH\Exceptions\FrameworkException.php on line 41.
 1 SYSTEMPATH\View\View.php(222): CodeIgniter\Exceptions\FrameworkException::forInvalidFile('../js/mobileMenuButton.js')
 2 SYSTEMPATH\View\View.php(487): CodeIgniter\View\View->render('../js/mobileMenuButton.js', null, true)
 3 APPPATH\Views\HomeView.php(8): CodeIgniter\View\View->include('../js/mobileMenuButton.js')
 4 SYSTEMPATH\View\View.php(234): include('C:\\Users\\Sam-Sam\\Documents\\Basic Coding\\waroengku\\app\\Views\\HomeView.php')
 5 SYSTEMPATH\View\View.php(237): CodeIgniter\View\View->CodeIgniter\View\{closure}()
 6 SYSTEMPATH\Common.php(1169): CodeIgniter\View\View->render('HomeView', [], true)
 7 APPPATH\Controllers\HomeControl.php(9): view('HomeView')
 8 SYSTEMPATH\CodeIgniter.php(933): App\Controllers\HomeControl->index()
 9 SYSTEMPATH\CodeIgniter.php(509): CodeIgniter\CodeIgniter->runController(Object(App\Controllers\HomeControl))
10 SYSTEMPATH\CodeIgniter.php(355): CodeIgniter\CodeIgniter->handleRequest(null, Object(Config\Cache), false)
11 SYSTEMPATH\Boot.php(325): CodeIgniter\CodeIgniter->run()
12 SYSTEMPATH\Boot.php(67): CodeIgniter\Boot::runCodeIgniter(Object(CodeIgniter\CodeIgniter))
13 FCPATH\index.php(56): CodeIgniter\Boot::bootWeb(Object(Config\Paths))
14 SYSTEMPATH\rewrite.php(44): require_once('C:\\Users\\Sam-Sam\\Documents\\Basic Coding\\waroengku\\public\\index.php')
CRITICAL - 2024-09-07 17:17:59 --> CodeIgniter\View\Exceptions\ViewException: Invalid file: "../js/mobileMenuButton.js"
[Method: GET, Route: /]
in SYSTEMPATH\Exceptions\FrameworkException.php on line 41.
 1 SYSTEMPATH\View\View.php(222): CodeIgniter\Exceptions\FrameworkException::forInvalidFile('../js/mobileMenuButton.js')
 2 SYSTEMPATH\View\View.php(487): CodeIgniter\View\View->render('../js/mobileMenuButton.js', null, true)
 3 APPPATH\Views\HomeView.php(8): CodeIgniter\View\View->include('../js/mobileMenuButton.js')
 4 SYSTEMPATH\View\View.php(234): include('C:\\Users\\Sam-Sam\\Documents\\Basic Coding\\waroengku\\app\\Views\\HomeView.php')
 5 SYSTEMPATH\View\View.php(237): CodeIgniter\View\View->CodeIgniter\View\{closure}()
 6 SYSTEMPATH\Common.php(1169): CodeIgniter\View\View->render('HomeView', [], true)
 7 APPPATH\Controllers\HomeControl.php(9): view('HomeView')
 8 SYSTEMPATH\CodeIgniter.php(933): App\Controllers\HomeControl->index()
 9 SYSTEMPATH\CodeIgniter.php(509): CodeIgniter\CodeIgniter->runController(Object(App\Controllers\HomeControl))
10 SYSTEMPATH\CodeIgniter.php(355): CodeIgniter\CodeIgniter->handleRequest(null, Object(Config\Cache), false)
11 SYSTEMPATH\Boot.php(325): CodeIgniter\CodeIgniter->run()
12 SYSTEMPATH\Boot.php(67): CodeIgniter\Boot::runCodeIgniter(Object(CodeIgniter\CodeIgniter))
13 FCPATH\index.php(56): CodeIgniter\Boot::bootWeb(Object(Config\Paths))
14 SYSTEMPATH\rewrite.php(44): require_once('C:\\Users\\Sam-Sam\\Documents\\Basic Coding\\waroengku\\public\\index.php')
